[debug] [2025-10-21T04:55:01.149Z] ----------------------------------------------------------------------
[debug] [2025-10-21T04:55:01.151Z] Command:       C:\Program Files\nodejs\node.exe C:\Users\OS 95\AppData\Roaming\npm\node_modules\firebase-tools\lib\bin\firebase.js init hosting
[debug] [2025-10-21T04:55:01.151Z] CLI Version:   14.20.0
[debug] [2025-10-21T04:55:01.151Z] Platform:      win32
[debug] [2025-10-21T04:55:01.151Z] Node Version:  v24.6.0
[debug] [2025-10-21T04:55:01.152Z] Time:          Tue Oct 21 2025 09:55:01 GMT+0500 (Pakistan Standard Time)
[debug] [2025-10-21T04:55:01.152Z] ----------------------------------------------------------------------
[debug] 
[info] 
     ######## #### ########  ######## ########     ###     ######  ########
     ##        ##  ##     ## ##       ##     ##  ##   ##  ##       ##
     ######    ##  ########  ######   ########  #########  ######  ######
     ##        ##  ##    ##  ##       ##     ## ##     ##       ## ##
     ##       #### ##     ## ######## ########  ##     ##  ######  ########

You're about to initialize a Firebase project in this directory:

  D:\Resume

[info] 
=== Project Setup
[info] 
[info] First, let's associate this project directory with a Firebase project.
[info] You can create multiple project aliases by running firebase use --add, 
[info] 
[info] i  If you want to create a project in a Google Cloud organization or folder, please use "firebase projects:create" instead, and return to this command when you've created the project. 
[debug] [2025-10-21T04:55:41.885Z] > command requires scopes: ["email","openid","https://www.googleapis.com/auth/cloudplatformprojects.readonly","https://www.googleapis.com/auth/firebase","https://www.googleapis.com/auth/cloud-platform"]
[debug] [2025-10-21T04:55:41.885Z] > authorizing via signed-in user (waheeddd62@gmail.com)
[debug] [2025-10-21T04:57:35.187Z] Checked if tokens are valid: true, expires at: 1761026062853
[debug] [2025-10-21T04:57:35.188Z] Checked if tokens are valid: true, expires at: 1761026062853
[debug] [2025-10-21T04:57:35.189Z] >>> [apiv2][query] POST https://firebase.googleapis.com/v1/projects:checkProjectId [none]
[debug] [2025-10-21T04:57:35.189Z] >>> [apiv2][body] POST https://firebase.googleapis.com/v1/projects:checkProjectId {"proposedId":"waheed-portfolio-2024"}
[debug] [2025-10-21T04:57:38.717Z] <<< [apiv2][status] POST https://firebase.googleapis.com/v1/projects:checkProjectId 200
[debug] [2025-10-21T04:57:38.718Z] <<< [apiv2][body] POST https://firebase.googleapis.com/v1/projects:checkProjectId {"projectIdStatus":"PROJECT_ID_AVAILABLE","suggestedProjectId":"waheed-portfolio-2024"}
[debug] [2025-10-21T04:57:52.779Z] Checked if tokens are valid: true, expires at: 1761026062853
[debug] [2025-10-21T04:57:52.779Z] Checked if tokens are valid: true, expires at: 1761026062853
[debug] [2025-10-21T04:57:52.779Z] >>> [apiv2][query] POST https://cloudresourcemanager.googleapis.com/v1/projects [none]
[debug] [2025-10-21T04:57:52.779Z] >>> [apiv2][body] POST https://cloudresourcemanager.googleapis.com/v1/projects {"projectId":"waheed-portfolio-2024","name":"Waheed Portfolio"}
[debug] [2025-10-21T04:57:57.484Z] <<< [apiv2][status] POST https://cloudresourcemanager.googleapis.com/v1/projects 200
[debug] [2025-10-21T04:57:57.485Z] <<< [apiv2][body] POST https://cloudresourcemanager.googleapis.com/v1/projects {"name":"operations/create_project.global.5883250482716355776"}
[debug] [2025-10-21T04:57:57.485Z] Checked if tokens are valid: true, expires at: 1761026062853
[debug] [2025-10-21T04:57:57.485Z] Checked if tokens are valid: true, expires at: 1761026062853
[debug] [2025-10-21T04:57:57.485Z] >>> [apiv2][query] GET https://cloudresourcemanager.googleapis.com/v1/operations/create_project.global.5883250482716355776 [none]
[debug] [2025-10-21T04:57:59.086Z] <<< [apiv2][status] GET https://cloudresourcemanager.googleapis.com/v1/operations/create_project.global.5883250482716355776 200
[debug] [2025-10-21T04:57:59.086Z] <<< [apiv2][body] GET https://cloudresourcemanager.googleapis.com/v1/operations/create_project.global.5883250482716355776 {"name":"operations/create_project.global.5883250482716355776","metadata":{"@type":"type.googleapis.com/google.cloudresourcemanager.v1.ProjectCreationStatus","ready":true},"done":true,"error":{"code":9,"message":"Callers must accept Terms of Service","details":[{"@type":"type.googleapis.com/google.rpc.PreconditionFailure","violations":[{"type":"TOS","subject":"cloud","description":"Callers must accept Terms of Service"}]}]}}
[debug] [2025-10-21T04:57:59.521Z] FirebaseError: Callers must accept Terms of Service
    at OperationPoller.poll (C:\Users\OS 95\AppData\Roaming\npm\node_modules\firebase-tools\lib\operation-poller.js:24:19)
    at process.processTicksAndRejections (node:internal/process/task_queues:105:5)
    at async createCloudProject (C:\Users\OS 95\AppData\Roaming\npm\node_modules\firebase-tools\lib\management\projects.js:227:29)
    at async createFirebaseProjectAndLog (C:\Users\OS 95\AppData\Roaming\npm\node_modules\firebase-tools\lib\management\projects.js:87:9)
    at async Object.doSetup (C:\Users\OS 95\AppData\Roaming\npm\node_modules\firebase-tools\lib\init\features\project.js:65:24)
    at async init (C:\Users\OS 95\AppData\Roaming\npm\node_modules\firebase-tools\lib\init\index.js:73:13)
    at async Command.initAction [as actionFn] (C:\Users\OS 95\AppData\Roaming\npm\node_modules\firebase-tools\lib\commands\init.js:219:5)
[error] 
[error] Error: Failed to create project. See firebase-debug.log for more info.
[debug] [2025-10-21T04:59:47.195Z] ----------------------------------------------------------------------
[debug] [2025-10-21T04:59:47.201Z] Command:       C:\Program Files\nodejs\node.exe C:\Users\OS 95\AppData\Roaming\npm\node_modules\firebase-tools\lib\bin\firebase.js init hosting
[debug] [2025-10-21T04:59:47.201Z] CLI Version:   14.20.0
[debug] [2025-10-21T04:59:47.202Z] Platform:      win32
[debug] [2025-10-21T04:59:47.202Z] Node Version:  v24.6.0
[debug] [2025-10-21T04:59:47.202Z] Time:          Tue Oct 21 2025 09:59:47 GMT+0500 (Pakistan Standard Time)
[debug] [2025-10-21T04:59:47.203Z] ----------------------------------------------------------------------
[debug] 
[info] 
     ######## #### ########  ######## ########     ###     ######  ########
     ##        ##  ##     ## ##       ##     ##  ##   ##  ##       ##
     ######    ##  ########  ######   ########  #########  ######  ######
     ##        ##  ##    ##  ##       ##     ## ##     ##       ## ##
     ##       #### ##     ## ######## ########  ##     ##  ######  ########

You're about to initialize a Firebase project in this directory:

  D:\Resume

[info] 
=== Project Setup
[info] 
[info] First, let's associate this project directory with a Firebase project.
[info] You can create multiple project aliases by running firebase use --add, 
[info] 
[info] i  If you want to create a project in a Google Cloud organization or folder, please use "firebase projects:create" instead, and return to this command when you've created the project. 
[debug] [2025-10-21T04:59:54.136Z] > command requires scopes: ["email","openid","https://www.googleapis.com/auth/cloudplatformprojects.readonly","https://www.googleapis.com/auth/firebase","https://www.googleapis.com/auth/cloud-platform"]
[debug] [2025-10-21T04:59:54.137Z] > authorizing via signed-in user (waheeddd62@gmail.com)
[debug] [2025-10-21T05:00:07.064Z] Checked if tokens are valid: true, expires at: 1761026062853
[debug] [2025-10-21T05:00:07.064Z] Checked if tokens are valid: true, expires at: 1761026062853
[debug] [2025-10-21T05:00:07.067Z] >>> [apiv2][query] POST https://firebase.googleapis.com/v1/projects:checkProjectId [none]
[debug] [2025-10-21T05:00:07.067Z] >>> [apiv2][body] POST https://firebase.googleapis.com/v1/projects:checkProjectId {"proposedId":"waheed-aslam-dev"}
[debug] [2025-10-21T05:00:10.498Z] <<< [apiv2][status] POST https://firebase.googleapis.com/v1/projects:checkProjectId 200
[debug] [2025-10-21T05:00:10.498Z] <<< [apiv2][body] POST https://firebase.googleapis.com/v1/projects:checkProjectId {"projectIdStatus":"PROJECT_ID_AVAILABLE","suggestedProjectId":"waheed-aslam-dev"}
[debug] [2025-10-21T05:00:38.177Z] Checked if tokens are valid: true, expires at: 1761026062853
[debug] [2025-10-21T05:00:38.177Z] Checked if tokens are valid: true, expires at: 1761026062853
[debug] [2025-10-21T05:00:38.177Z] >>> [apiv2][query] POST https://cloudresourcemanager.googleapis.com/v1/projects [none]
[debug] [2025-10-21T05:00:38.177Z] >>> [apiv2][body] POST https://cloudresourcemanager.googleapis.com/v1/projects {"projectId":"waheed-aslam-dev","name":"portfolio-waheed-477"}
[debug] [2025-10-21T05:00:42.889Z] <<< [apiv2][status] POST https://cloudresourcemanager.googleapis.com/v1/projects 200
[debug] [2025-10-21T05:00:42.889Z] <<< [apiv2][body] POST https://cloudresourcemanager.googleapis.com/v1/projects {"name":"operations/create_project.global.5131953972238911779"}
[debug] [2025-10-21T05:00:42.890Z] Checked if tokens are valid: true, expires at: 1761026062853
[debug] [2025-10-21T05:00:42.890Z] Checked if tokens are valid: true, expires at: 1761026062853
[debug] [2025-10-21T05:00:42.890Z] >>> [apiv2][query] GET https://cloudresourcemanager.googleapis.com/v1/operations/create_project.global.5131953972238911779 [none]
[debug] [2025-10-21T05:00:44.434Z] <<< [apiv2][status] GET https://cloudresourcemanager.googleapis.com/v1/operations/create_project.global.5131953972238911779 200
[debug] [2025-10-21T05:00:44.434Z] <<< [apiv2][body] GET https://cloudresourcemanager.googleapis.com/v1/operations/create_project.global.5131953972238911779 {"name":"operations/create_project.global.5131953972238911779","metadata":{"@type":"type.googleapis.com/google.cloudresourcemanager.v1.ProjectCreationStatus","ready":true},"done":true,"error":{"code":9,"message":"Callers must accept Terms of Service","details":[{"@type":"type.googleapis.com/google.rpc.PreconditionFailure","violations":[{"type":"TOS","subject":"cloud","description":"Callers must accept Terms of Service"}]}]}}
[debug] [2025-10-21T05:00:45.534Z] FirebaseError: Callers must accept Terms of Service
    at OperationPoller.poll (C:\Users\OS 95\AppData\Roaming\npm\node_modules\firebase-tools\lib\operation-poller.js:24:19)
    at process.processTicksAndRejections (node:internal/process/task_queues:105:5)
    at async createCloudProject (C:\Users\OS 95\AppData\Roaming\npm\node_modules\firebase-tools\lib\management\projects.js:227:29)
    at async createFirebaseProjectAndLog (C:\Users\OS 95\AppData\Roaming\npm\node_modules\firebase-tools\lib\management\projects.js:87:9)
    at async Object.doSetup (C:\Users\OS 95\AppData\Roaming\npm\node_modules\firebase-tools\lib\init\features\project.js:65:24)
    at async init (C:\Users\OS 95\AppData\Roaming\npm\node_modules\firebase-tools\lib\init\index.js:73:13)
    at async Command.initAction [as actionFn] (C:\Users\OS 95\AppData\Roaming\npm\node_modules\firebase-tools\lib\commands\init.js:219:5)
[error] 
[error] Error: Failed to create project. See firebase-debug.log for more info.
